<?xml version="1.0" encoding="UTF-8"?>
<testsuite xmlns:xsi="http://www.w3.org/2001/XMLSchema-instance" xsi:noNamespaceSchemaLocation="https://maven.apache.org/surefire/maven-surefire-plugin/xsd/surefire-test-report-3.0.xsd" version="3.0" name="org.tasks.Second.ConnectionTest" time="4.968" tests="22" errors="0" skipped="0" failures="2">
  <properties>
[...]
</properties>
  <testcase name="validServerAddress" classname="org.tasks.Second.ConnectionTest" time="0.052"/>
  <testcase name="domainName" classname="org.tasks.Second.ConnectionTest" time="0.019"/>
  <testcase name="emptyInput" classname="org.tasks.Second.ConnectionTest" time="0.032"/>
  <testcase name="smallTimeout" classname="org.tasks.Second.ConnectionTest" time="1.014"/>
  <testcase name="unavailableServer" classname="org.tasks.Second.ConnectionTest" time="1.007"/>
  <testcase name="invalidServerAddress" classname="org.tasks.Second.ConnectionTest" time="0.006"/>
  <testcase name="TCPConnectionWithInvalidSSL" classname="org.tasks.Second.ConnectionTest" time="0.487"/>
  <testcase name="exceedingMaxPort" classname="org.tasks.Second.ConnectionTest" time="1.012"/>
  <testcase name="UDPConnection" classname="org.tasks.Second.ConnectionTest" time="0.003"/>
  <testcase name="TCPConnection" classname="org.tasks.Second.ConnectionTest" time="0.042"/>
  <testcase name="negativePort" classname="org.tasks.Second.ConnectionTest" time="0.003"/>
  <testcase name="availableServer" classname="org.tasks.Second.ConnectionTest" time="0.116"/>
  <testcase name="gameServer" classname="org.tasks.Second.ConnectionTest" time="0.151"/>
  <testcase name="httpsServer" classname="org.tasks.Second.ConnectionTest" time="0.116"/>
  <testcase name="largeTimeout" classname="org.tasks.Second.ConnectionTest" time="0.124"/>
  <testcase name="IPv6Address" classname="org.tasks.Second.ConnectionTest" time="0.002">
    <failure type="org.opentest4j.AssertionFailedError"><![CDATA[org.opentest4j.AssertionFailedError: expected: <true> but was: <false>
	at org.tasks.Second.ConnectionTest.IPv6Address(ConnectionTest.java:71)
]]></failure>
  </testcase>
  <testcase name="TCPConnectionWithTrustedInvalidSSL" classname="org.tasks.Second.ConnectionTest" time="0.293">
    <failure type="org.opentest4j.AssertionFailedError"><![CDATA[org.opentest4j.AssertionFailedError: expected: <true> but was: <false>
	at org.tasks.Second.ConnectionTest.TCPConnectionWithTrustedInvalidSSL(ConnectionTest.java:125)
]]></failure>
  </testcase>
  <testcase name="maxPort" classname="org.tasks.Second.ConnectionTest" time="0.001"/>
  <testcase name="TCPConnectionWithSSL" classname="org.tasks.Second.ConnectionTest" time="0.105"/>
  <testcase name="httpServer" classname="org.tasks.Second.ConnectionTest" time="0.117"/>
  <testcase name="reconnect" classname="org.tasks.Second.ConnectionTest" time="0.221"/>
  <testcase name="IPv4Address" classname="org.tasks.Second.ConnectionTest" time="0.021"/>
</testsuite>